<?xml version="1.0" encoding="UTF-8"?>
<!-- Generated by org.testng.reporters.JUnitXMLReporter -->
<testsuite ignored="0" hostname="Dell-pc" failures="2" tests="2" name="RegressionTest" time="116.093" errors="0" timestamp="2022-11-29T21:43:14 IST">
  <testcase classname="com.ds.testLayer.LoginTestCase" name="verifyLoginText" time="0.023">
    <failure type="java.lang.NullPointerException" message="Cannot invoke &amp;quot;java.util.logging.Logger.info(String)&amp;quot; because &amp;quot;this.logger&amp;quot; is null">
      <![CDATA[java.lang.NullPointerException: Cannot invoke "java.util.logging.Logger.info(String)" because "this.logger" is null
at com.ds.utilityClass.ListenerSetup.onTestStart(ListenerSetup.java:13)
at java.base/java.util.ArrayList.forEach(ArrayList.java:1511)
... Removed 24 stack frames]]>
    </failure>
  </testcase> <!-- verifyLoginText -->
  <testcase classname="com.ds.testLayer.LoginTestCase" name="verifyLoginText" time="115.528">
    <failure type="java.lang.NullPointerException" message="Cannot invoke &amp;quot;java.util.logging.Logger.info(String)&amp;quot; because &amp;quot;this.logger&amp;quot; is null">
      <![CDATA[java.lang.NullPointerException: Cannot invoke "java.util.logging.Logger.info(String)" because "this.logger" is null
at com.ds.utilityClass.ListenerSetup.onTestFailure(ListenerSetup.java:26)
at java.base/java.util.ArrayList.forEach(ArrayList.java:1511)
... Removed 24 stack frames]]>
    </failure>
  </testcase> <!-- verifyLoginText -->
</testsuite> <!-- RegressionTest -->
